*** Starting uWSGI 2.0.10 (64bit) on [Tue May 19 17:42:10 2015] ***
compiled with version: 4.7.2 on 19 May 2015 16:10:43
os: Linux-3.18.0-kali1-amd64 #1 SMP Debian 3.18.3-1~kali4 (2015-01-22)
nodename: kali
machine: x86_64
clock source: unix
pcre jit disabled
detected number of CPU cores: 2
current working directory: /var/www/sadmin
detected binary path: /usr/local/bin/uwsgi
uWSGI running as root, you can use --uid/--gid/--chroot options
setuid() to 33
chdir() to /var/www/sadmin
your processes number limit is 15716
your memory page size is 4096 bytes
detected max file descriptor number: 1024
lock engine: pthread robust mutexes
thunder lock: disabled (you can enable it with --thunder-lock)
uwsgi socket 0 bound to TCP address :9090 fd 3
Python version: 2.7.3 (default, Mar 13 2014, 11:26:58)  [GCC 4.7.2]
*** Python threads support is disabled. You can enable it with --enable-threads ***
Python main interpreter initialized at 0xcaf190
your server socket listen backlog is limited to 100 connections
your mercy for graceful operations on workers is 60 seconds
mapped 145536 bytes (142 KB) for 1 cores
*** Operational MODE: single process ***
WSGI app 0 (mountpoint='') ready in 0 seconds on interpreter 0xcaf190 pid: 13311 (default app)
*** uWSGI is running in multiple interpreter mode ***
spawned uWSGI master process (pid: 13311)
spawned uWSGI worker 1 (pid: 13312, cores: 1)
No handlers could be found for logger "django.request"
Traceback (most recent call last):
  File "/usr/local/lib/python2.7/dist-packages/django/core/handlers/wsgi.py", line 187, in __call__
    response = self.get_response(request)
  File "/usr/local/lib/python2.7/dist-packages/django/core/handlers/base.py", line 199, in get_response
    response = self.handle_uncaught_exception(request, resolver, sys.exc_info())
  File "/usr/local/lib/python2.7/dist-packages/django/core/handlers/base.py", line 236, in handle_uncaught_exception
    return debug.technical_500_response(request, *exc_info)
  File "/usr/local/lib/python2.7/dist-packages/django/views/debug.py", line 91, in technical_500_response
    html = reporter.get_traceback_html()
  File "/usr/local/lib/python2.7/dist-packages/django/views/debug.py", line 350, in get_traceback_html
    return t.render(c)
  File "/usr/local/lib/python2.7/dist-packages/django/template/base.py", line 148, in render
    return self._render(context)
  File "/usr/local/lib/python2.7/dist-packages/django/template/base.py", line 142, in _render
    return self.nodelist.render(context)
  File "/usr/local/lib/python2.7/dist-packages/django/template/base.py", line 844, in render
    bit = self.render_node(node, context)
  File "/usr/local/lib/python2.7/dist-packages/django/template/debug.py", line 80, in render_node
    return node.render(context)
  File "/usr/local/lib/python2.7/dist-packages/django/template/debug.py", line 90, in render
    output = self.filter_expression.resolve(context)
  File "/usr/local/lib/python2.7/dist-packages/django/template/base.py", line 624, in resolve
    new_obj = func(obj, *arg_vals)
  File "/usr/local/lib/python2.7/dist-packages/django/template/defaultfilters.py", line 769, in date
    return format(value, arg)
  File "/usr/local/lib/python2.7/dist-packages/django/utils/dateformat.py", line 343, in format
    return df.format(format_string)
  File "/usr/local/lib/python2.7/dist-packages/django/utils/dateformat.py", line 35, in format
    pieces.append(force_text(getattr(self, piece)()))
  File "/usr/local/lib/python2.7/dist-packages/django/utils/dateformat.py", line 268, in r
    return self.format('D, j M Y H:i:s O')
  File "/usr/local/lib/python2.7/dist-packages/django/utils/dateformat.py", line 35, in format
    pieces.append(force_text(getattr(self, piece)()))
  File "/usr/local/lib/python2.7/dist-packages/django/utils/encoding.py", line 85, in force_text
    s = six.text_type(s)
  File "/usr/local/lib/python2.7/dist-packages/django/utils/functional.py", line 144, in __text_cast
    return func(*self.__args, **self.__kw)
  File "/usr/local/lib/python2.7/dist-packages/django/utils/translation/__init__.py", line 83, in ugettext
    return _trans.ugettext(message)
  File "/usr/local/lib/python2.7/dist-packages/django/utils/translation/trans_real.py", line 325, in ugettext
    return do_translate(message, 'ugettext')
  File "/usr/local/lib/python2.7/dist-packages/django/utils/translation/trans_real.py", line 306, in do_translate
    _default = translation(settings.LANGUAGE_CODE)
  File "/usr/local/lib/python2.7/dist-packages/django/utils/translation/trans_real.py", line 209, in translation
    default_translation = _fetch(settings.LANGUAGE_CODE)
  File "/usr/local/lib/python2.7/dist-packages/django/utils/translation/trans_real.py", line 189, in _fetch
    "The translation infrastructure cannot be initialized before the "
django.core.exceptions.AppRegistryNotReady: The translation infrastructure cannot be initialized before the apps registry is ready. Check that you don't make non-lazy gettext calls at import time.
[pid: 13312|app: 0|req: 1/1] 192.168.0.127 () {40 vars in 858 bytes} [Tue May 19 17:42:42 2015] GET /static/images/alipay.png => generated 0 bytes in 83 msecs (HTTP/1.1 500) 0 headers in 0 bytes (0 switches on core 0)
Traceback (most recent call last):
  File "/usr/local/lib/python2.7/dist-packages/django/core/handlers/wsgi.py", line 187, in __call__
    response = self.get_response(request)
  File "/usr/local/lib/python2.7/dist-packages/django/core/handlers/base.py", line 199, in get_response
    response = self.handle_uncaught_exception(request, resolver, sys.exc_info())
  File "/usr/local/lib/python2.7/dist-packages/django/core/handlers/base.py", line 236, in handle_uncaught_exception
    return debug.technical_500_response(request, *exc_info)
  File "/usr/local/lib/python2.7/dist-packages/django/views/debug.py", line 91, in technical_500_response
    html = reporter.get_traceback_html()
  File "/usr/local/lib/python2.7/dist-packages/django/views/debug.py", line 350, in get_traceback_html
    return t.render(c)
  File "/usr/local/lib/python2.7/dist-packages/django/template/base.py", line 148, in render
    return self._render(context)
  File "/usr/local/lib/python2.7/dist-packages/django/template/base.py", line 142, in _render
    return self.nodelist.render(context)
  File "/usr/local/lib/python2.7/dist-packages/django/template/base.py", line 844, in render
    bit = self.render_node(node, context)
  File "/usr/local/lib/python2.7/dist-packages/django/template/debug.py", line 80, in render_node
    return node.render(context)
  File "/usr/local/lib/python2.7/dist-packages/django/template/debug.py", line 90, in render
    output = self.filter_expression.resolve(context)
  File "/usr/local/lib/python2.7/dist-packages/django/template/base.py", line 624, in resolve
    new_obj = func(obj, *arg_vals)
  File "/usr/local/lib/python2.7/dist-packages/django/template/defaultfilters.py", line 769, in date
    return format(value, arg)
  File "/usr/local/lib/python2.7/dist-packages/django/utils/dateformat.py", line 343, in format
    return df.format(format_string)
  File "/usr/local/lib/python2.7/dist-packages/django/utils/dateformat.py", line 35, in format
    pieces.append(force_text(getattr(self, piece)()))
  File "/usr/local/lib/python2.7/dist-packages/django/utils/dateformat.py", line 268, in r
    return self.format('D, j M Y H:i:s O')
  File "/usr/local/lib/python2.7/dist-packages/django/utils/dateformat.py", line 35, in format
    pieces.append(force_text(getattr(self, piece)()))
  File "/usr/local/lib/python2.7/dist-packages/django/utils/encoding.py", line 85, in force_text
    s = six.text_type(s)
  File "/usr/local/lib/python2.7/dist-packages/django/utils/functional.py", line 144, in __text_cast
    return func(*self.__args, **self.__kw)
  File "/usr/local/lib/python2.7/dist-packages/django/utils/translation/__init__.py", line 83, in ugettext
    return _trans.ugettext(message)
  File "/usr/local/lib/python2.7/dist-packages/django/utils/translation/trans_real.py", line 325, in ugettext
    return do_translate(message, 'ugettext')
  File "/usr/local/lib/python2.7/dist-packages/django/utils/translation/trans_real.py", line 306, in do_translate
    _default = translation(settings.LANGUAGE_CODE)
  File "/usr/local/lib/python2.7/dist-packages/django/utils/translation/trans_real.py", line 209, in translation
    default_translation = _fetch(settings.LANGUAGE_CODE)
  File "/usr/local/lib/python2.7/dist-packages/django/utils/translation/trans_real.py", line 189, in _fetch
    "The translation infrastructure cannot be initialized before the "
django.core.exceptions.AppRegistryNotReady: The translation infrastructure cannot be initialized before the apps registry is ready. Check that you don't make non-lazy gettext calls at import time.
[pid: 13312|app: 0|req: 2/2] 192.168.0.127 () {40 vars in 858 bytes} [Tue May 19 17:42:44 2015] GET /static/images/alipay.png => generated 0 bytes in 28 msecs (HTTP/1.1 500) 0 headers in 0 bytes (0 switches on core 0)
...brutally killing workers...
worker 1 buried after 1 seconds
binary reloading uWSGI...
chdir() to /var/www/sadmin
closing all non-uwsgi socket fds > 2 (max_fd = 1024)...
found fd 3 mapped to socket 0 (:9090)
running /usr/local/bin/uwsgi
[uWSGI] getting INI configuration from uwsgi/uwsgi.ini
*** Starting uWSGI 2.0.10 (64bit) on [Tue May 19 17:43:07 2015] ***
compiled with version: 4.7.2 on 19 May 2015 16:10:43
os: Linux-3.18.0-kali1-amd64 #1 SMP Debian 3.18.3-1~kali4 (2015-01-22)
nodename: kali
machine: x86_64
clock source: unix
pcre jit disabled
detected number of CPU cores: 2
current working directory: /var/www/sadmin
detected binary path: /usr/local/bin/uwsgi
chdir() to /var/www/sadmin
your processes number limit is 15716
your memory page size is 4096 bytes
detected max file descriptor number: 1024
lock engine: pthread robust mutexes
thunder lock: disabled (you can enable it with --thunder-lock)
uwsgi socket 0 inherited INET address :9090 fd 3
Python version: 2.7.3 (default, Mar 13 2014, 11:26:58)  [GCC 4.7.2]
*** Python threads support is disabled. You can enable it with --enable-threads ***
Python main interpreter initialized at 0x1b88fe0
your server socket listen backlog is limited to 100 connections
your mercy for graceful operations on workers is 60 seconds
mapped 145536 bytes (142 KB) for 1 cores
*** Operational MODE: single process ***
WSGI app 0 (mountpoint='') ready in 1 seconds on interpreter 0x1b88fe0 pid: 13311 (default app)
*** uWSGI is running in multiple interpreter mode ***
gracefully (RE)spawned uWSGI master process (pid: 13311)
spawned uWSGI worker 1 (pid: 13362, cores: 1)
*** Starting uWSGI 2.0.10 (64bit) on [Tue May 19 17:43:10 2015] ***
compiled with version: 4.7.2 on 19 May 2015 16:10:43
os: Linux-3.18.0-kali1-amd64 #1 SMP Debian 3.18.3-1~kali4 (2015-01-22)
nodename: kali
machine: x86_64
clock source: unix
pcre jit disabled
detected number of CPU cores: 2
current working directory: /var/www/sadmin
detected binary path: /usr/local/bin/uwsgi
uWSGI running as root, you can use --uid/--gid/--chroot options
setuid() to 33
chdir() to /var/www/sadmin
your processes number limit is 15716
your memory page size is 4096 bytes
detected max file descriptor number: 1024
lock engine: pthread robust mutexes
thunder lock: disabled (you can enable it with --thunder-lock)
probably another instance of uWSGI is running on the same address (:9090).
bind(): Address already in use [core/socket.c line 764]
...brutally killing workers...
worker 1 buried after 1 seconds
binary reloading uWSGI...
chdir() to /var/www/sadmin
closing all non-uwsgi socket fds > 2 (max_fd = 1024)...
found fd 3 mapped to socket 0 (:9090)
running /usr/local/bin/uwsgi
[uWSGI] getting INI configuration from uwsgi/uwsgi.ini
*** Starting uWSGI 2.0.10 (64bit) on [Tue May 19 17:43:14 2015] ***
compiled with version: 4.7.2 on 19 May 2015 16:10:43
os: Linux-3.18.0-kali1-amd64 #1 SMP Debian 3.18.3-1~kali4 (2015-01-22)
nodename: kali
machine: x86_64
clock source: unix
pcre jit disabled
detected number of CPU cores: 2
current working directory: /var/www/sadmin
detected binary path: /usr/local/bin/uwsgi
chdir() to /var/www/sadmin
your processes number limit is 15716
your memory page size is 4096 bytes
detected max file descriptor number: 1024
lock engine: pthread robust mutexes
thunder lock: disabled (you can enable it with --thunder-lock)
uwsgi socket 0 inherited INET address :9090 fd 3
Python version: 2.7.3 (default, Mar 13 2014, 11:26:58)  [GCC 4.7.2]
*** Python threads support is disabled. You can enable it with --enable-threads ***
Python main interpreter initialized at 0x26b4fe0
your server socket listen backlog is limited to 100 connections
your mercy for graceful operations on workers is 60 seconds
mapped 145536 bytes (142 KB) for 1 cores
*** Operational MODE: single process ***
WSGI app 0 (mountpoint='') ready in 0 seconds on interpreter 0x26b4fe0 pid: 13311 (default app)
*** uWSGI is running in multiple interpreter mode ***
gracefully (RE)spawned uWSGI master process (pid: 13311)
spawned uWSGI worker 1 (pid: 13368, cores: 1)
...brutally killing workers...
worker 1 buried after 0 seconds
binary reloading uWSGI...
chdir() to /var/www/sadmin
closing all non-uwsgi socket fds > 2 (max_fd = 1024)...
found fd 3 mapped to socket 0 (:9090)
running /usr/local/bin/uwsgi
[uWSGI] getting INI configuration from uwsgi/uwsgi.ini
*** Starting uWSGI 2.0.10 (64bit) on [Tue May 19 17:43:15 2015] ***
compiled with version: 4.7.2 on 19 May 2015 16:10:43
os: Linux-3.18.0-kali1-amd64 #1 SMP Debian 3.18.3-1~kali4 (2015-01-22)
nodename: kali
machine: x86_64
clock source: unix
pcre jit disabled
detected number of CPU cores: 2
current working directory: /var/www/sadmin
detected binary path: /usr/local/bin/uwsgi
chdir() to /var/www/sadmin
your processes number limit is 15716
your memory page size is 4096 bytes
detected max file descriptor number: 1024
lock engine: pthread robust mutexes
thunder lock: disabled (you can enable it with --thunder-lock)
uwsgi socket 0 inherited INET address :9090 fd 3
Python version: 2.7.3 (default, Mar 13 2014, 11:26:58)  [GCC 4.7.2]
*** Python threads support is disabled. You can enable it with --enable-threads ***
Python main interpreter initialized at 0x1615fe0
your server socket listen backlog is limited to 100 connections
your mercy for graceful operations on workers is 60 seconds
mapped 145536 bytes (142 KB) for 1 cores
*** Operational MODE: single process ***
WSGI app 0 (mountpoint='') ready in 1 seconds on interpreter 0x1615fe0 pid: 13311 (default app)
*** uWSGI is running in multiple interpreter mode ***
gracefully (RE)spawned uWSGI master process (pid: 13311)
spawned uWSGI worker 1 (pid: 13371, cores: 1)
...brutally killing workers...
worker 1 buried after 1 seconds
binary reloading uWSGI...
chdir() to /var/www/sadmin
closing all non-uwsgi socket fds > 2 (max_fd = 1024)...
found fd 3 mapped to socket 0 (:9090)
running /usr/local/bin/uwsgi
[uWSGI] getting INI configuration from uwsgi/uwsgi.ini
*** Starting uWSGI 2.0.10 (64bit) on [Tue May 19 17:43:17 2015] ***
compiled with version: 4.7.2 on 19 May 2015 16:10:43
os: Linux-3.18.0-kali1-amd64 #1 SMP Debian 3.18.3-1~kali4 (2015-01-22)
nodename: kali
machine: x86_64
clock source: unix
pcre jit disabled
detected number of CPU cores: 2
current working directory: /var/www/sadmin
detected binary path: /usr/local/bin/uwsgi
chdir() to /var/www/sadmin
your processes number limit is 15716
your memory page size is 4096 bytes
detected max file descriptor number: 1024
lock engine: pthread robust mutexes
thunder lock: disabled (you can enable it with --thunder-lock)
uwsgi socket 0 inherited INET address :9090 fd 3
Python version: 2.7.3 (default, Mar 13 2014, 11:26:58)  [GCC 4.7.2]
*** Python threads support is disabled. You can enable it with --enable-threads ***
Python main interpreter initialized at 0x21c5fe0
your server socket listen backlog is limited to 100 connections
your mercy for graceful operations on workers is 60 seconds
mapped 145536 bytes (142 KB) for 1 cores
*** Operational MODE: single process ***
WSGI app 0 (mountpoint='') ready in 0 seconds on interpreter 0x21c5fe0 pid: 13311 (default app)
*** uWSGI is running in multiple interpreter mode ***
gracefully (RE)spawned uWSGI master process (pid: 13311)
spawned uWSGI worker 1 (pid: 13373, cores: 1)
Tue May 19 17:43:27 2015 - uWSGI worker 1 screams: UAAAAAAH my master disconnected: i will kill myself !!!
*** Starting uWSGI 2.0.10 (64bit) on [Tue May 19 17:43:34 2015] ***
compiled with version: 4.7.2 on 19 May 2015 16:10:43
os: Linux-3.18.0-kali1-amd64 #1 SMP Debian 3.18.3-1~kali4 (2015-01-22)
nodename: kali
machine: x86_64
clock source: unix
pcre jit disabled
detected number of CPU cores: 2
current working directory: /var/www/sadmin
detected binary path: /usr/local/bin/uwsgi
uWSGI running as root, you can use --uid/--gid/--chroot options
setuid() to 33
chdir() to /var/www/sadmin
your processes number limit is 15716
your memory page size is 4096 bytes
detected max file descriptor number: 1024
lock engine: pthread robust mutexes
thunder lock: disabled (you can enable it with --thunder-lock)
uwsgi socket 0 bound to TCP address :9090 fd 3
Python version: 2.7.3 (default, Mar 13 2014, 11:26:58)  [GCC 4.7.2]
*** Python threads support is disabled. You can enable it with --enable-threads ***
Python main interpreter initialized at 0x9d5110
your server socket listen backlog is limited to 100 connections
your mercy for graceful operations on workers is 60 seconds
mapped 145536 bytes (142 KB) for 1 cores
*** Operational MODE: single process ***
WSGI app 0 (mountpoint='') ready in 0 seconds on interpreter 0x9d5110 pid: 13380 (default app)
*** uWSGI is running in multiple interpreter mode ***
spawned uWSGI master process (pid: 13380)
spawned uWSGI worker 1 (pid: 13381, cores: 1)
No handlers could be found for logger "django.request"
Traceback (most recent call last):
  File "/usr/local/lib/python2.7/dist-packages/django/core/handlers/wsgi.py", line 187, in __call__
    response = self.get_response(request)
  File "/usr/local/lib/python2.7/dist-packages/django/core/handlers/base.py", line 199, in get_response
    response = self.handle_uncaught_exception(request, resolver, sys.exc_info())
  File "/usr/local/lib/python2.7/dist-packages/django/core/handlers/base.py", line 236, in handle_uncaught_exception
    return debug.technical_500_response(request, *exc_info)
  File "/usr/local/lib/python2.7/dist-packages/django/views/debug.py", line 91, in technical_500_response
    html = reporter.get_traceback_html()
  File "/usr/local/lib/python2.7/dist-packages/django/views/debug.py", line 350, in get_traceback_html
    return t.render(c)
  File "/usr/local/lib/python2.7/dist-packages/django/template/base.py", line 148, in render
    return self._render(context)
  File "/usr/local/lib/python2.7/dist-packages/django/template/base.py", line 142, in _render
    return self.nodelist.render(context)
  File "/usr/local/lib/python2.7/dist-packages/django/template/base.py", line 844, in render
    bit = self.render_node(node, context)
  File "/usr/local/lib/python2.7/dist-packages/django/template/debug.py", line 80, in render_node
    return node.render(context)
  File "/usr/local/lib/python2.7/dist-packages/django/template/debug.py", line 90, in render
    output = self.filter_expression.resolve(context)
  File "/usr/local/lib/python2.7/dist-packages/django/template/base.py", line 624, in resolve
    new_obj = func(obj, *arg_vals)
  File "/usr/local/lib/python2.7/dist-packages/django/template/defaultfilters.py", line 769, in date
    return format(value, arg)
  File "/usr/local/lib/python2.7/dist-packages/django/utils/dateformat.py", line 343, in format
    return df.format(format_string)
  File "/usr/local/lib/python2.7/dist-packages/django/utils/dateformat.py", line 35, in format
    pieces.append(force_text(getattr(self, piece)()))
  File "/usr/local/lib/python2.7/dist-packages/django/utils/dateformat.py", line 268, in r
    return self.format('D, j M Y H:i:s O')
  File "/usr/local/lib/python2.7/dist-packages/django/utils/dateformat.py", line 35, in format
    pieces.append(force_text(getattr(self, piece)()))
  File "/usr/local/lib/python2.7/dist-packages/django/utils/encoding.py", line 85, in force_text
    s = six.text_type(s)
  File "/usr/local/lib/python2.7/dist-packages/django/utils/functional.py", line 144, in __text_cast
    return func(*self.__args, **self.__kw)
  File "/usr/local/lib/python2.7/dist-packages/django/utils/translation/__init__.py", line 83, in ugettext
    return _trans.ugettext(message)
  File "/usr/local/lib/python2.7/dist-packages/django/utils/translation/trans_real.py", line 325, in ugettext
    return do_translate(message, 'ugettext')
  File "/usr/local/lib/python2.7/dist-packages/django/utils/translation/trans_real.py", line 306, in do_translate
    _default = translation(settings.LANGUAGE_CODE)
  File "/usr/local/lib/python2.7/dist-packages/django/utils/translation/trans_real.py", line 209, in translation
    default_translation = _fetch(settings.LANGUAGE_CODE)
  File "/usr/local/lib/python2.7/dist-packages/django/utils/translation/trans_real.py", line 189, in _fetch
    "The translation infrastructure cannot be initialized before the "
django.core.exceptions.AppRegistryNotReady: The translation infrastructure cannot be initialized before the apps registry is ready. Check that you don't make non-lazy gettext calls at import time.
[pid: 13381|app: 0|req: 1/1] 192.168.0.127 () {40 vars in 858 bytes} [Tue May 19 17:43:36 2015] GET /static/images/alipay.png => generated 0 bytes in 84 msecs (HTTP/1.1 500) 0 headers in 0 bytes (0 switches on core 0)
Traceback (most recent call last):
  File "/usr/local/lib/python2.7/dist-packages/django/core/handlers/wsgi.py", line 187, in __call__
    response = self.get_response(request)
  File "/usr/local/lib/python2.7/dist-packages/django/core/handlers/base.py", line 199, in get_response
    response = self.handle_uncaught_exception(request, resolver, sys.exc_info())
  File "/usr/local/lib/python2.7/dist-packages/django/core/handlers/base.py", line 236, in handle_uncaught_exception
    return debug.technical_500_response(request, *exc_info)
  File "/usr/local/lib/python2.7/dist-packages/django/views/debug.py", line 91, in technical_500_response
    html = reporter.get_traceback_html()
  File "/usr/local/lib/python2.7/dist-packages/django/views/debug.py", line 350, in get_traceback_html
    return t.render(c)
  File "/usr/local/lib/python2.7/dist-packages/django/template/base.py", line 148, in render
    return self._render(context)
  File "/usr/local/lib/python2.7/dist-packages/django/template/base.py", line 142, in _render
    return self.nodelist.render(context)
  File "/usr/local/lib/python2.7/dist-packages/django/template/base.py", line 844, in render
    bit = self.render_node(node, context)
  File "/usr/local/lib/python2.7/dist-packages/django/template/debug.py", line 80, in render_node
    return node.render(context)
  File "/usr/local/lib/python2.7/dist-packages/django/template/debug.py", line 90, in render
    output = self.filter_expression.resolve(context)
  File "/usr/local/lib/python2.7/dist-packages/django/template/base.py", line 624, in resolve
    new_obj = func(obj, *arg_vals)
  File "/usr/local/lib/python2.7/dist-packages/django/template/defaultfilters.py", line 769, in date
    return format(value, arg)
  File "/usr/local/lib/python2.7/dist-packages/django/utils/dateformat.py", line 343, in format
    return df.format(format_string)
  File "/usr/local/lib/python2.7/dist-packages/django/utils/dateformat.py", line 35, in format
    pieces.append(force_text(getattr(self, piece)()))
  File "/usr/local/lib/python2.7/dist-packages/django/utils/dateformat.py", line 268, in r
    return self.format('D, j M Y H:i:s O')
  File "/usr/local/lib/python2.7/dist-packages/django/utils/dateformat.py", line 35, in format
    pieces.append(force_text(getattr(self, piece)()))
  File "/usr/local/lib/python2.7/dist-packages/django/utils/encoding.py", line 85, in force_text
    s = six.text_type(s)
  File "/usr/local/lib/python2.7/dist-packages/django/utils/functional.py", line 144, in __text_cast
    return func(*self.__args, **self.__kw)
  File "/usr/local/lib/python2.7/dist-packages/django/utils/translation/__init__.py", line 83, in ugettext
    return _trans.ugettext(message)
  File "/usr/local/lib/python2.7/dist-packages/django/utils/translation/trans_real.py", line 325, in ugettext
    return do_translate(message, 'ugettext')
  File "/usr/local/lib/python2.7/dist-packages/django/utils/translation/trans_real.py", line 306, in do_translate
    _default = translation(settings.LANGUAGE_CODE)
  File "/usr/local/lib/python2.7/dist-packages/django/utils/translation/trans_real.py", line 209, in translation
    default_translation = _fetch(settings.LANGUAGE_CODE)
  File "/usr/local/lib/python2.7/dist-packages/django/utils/translation/trans_real.py", line 189, in _fetch
    "The translation infrastructure cannot be initialized before the "
django.core.exceptions.AppRegistryNotReady: The translation infrastructure cannot be initialized before the apps registry is ready. Check that you don't make non-lazy gettext calls at import time.
[pid: 13381|app: 0|req: 2/2] 192.168.0.127 () {40 vars in 858 bytes} [Tue May 19 17:43:38 2015] GET /static/images/alipay.png => generated 0 bytes in 29 msecs (HTTP/1.1 500) 0 headers in 0 bytes (0 switches on core 0)
Traceback (most recent call last):
  File "/usr/local/lib/python2.7/dist-packages/django/core/handlers/wsgi.py", line 187, in __call__
    response = self.get_response(request)
  File "/usr/local/lib/python2.7/dist-packages/django/core/handlers/base.py", line 199, in get_response
    response = self.handle_uncaught_exception(request, resolver, sys.exc_info())
  File "/usr/local/lib/python2.7/dist-packages/django/core/handlers/base.py", line 236, in handle_uncaught_exception
    return debug.technical_500_response(request, *exc_info)
  File "/usr/local/lib/python2.7/dist-packages/django/views/debug.py", line 91, in technical_500_response
    html = reporter.get_traceback_html()
  File "/usr/local/lib/python2.7/dist-packages/django/views/debug.py", line 350, in get_traceback_html
    return t.render(c)
  File "/usr/local/lib/python2.7/dist-packages/django/template/base.py", line 148, in render
    return self._render(context)
  File "/usr/local/lib/python2.7/dist-packages/django/template/base.py", line 142, in _render
    return self.nodelist.render(context)
  File "/usr/local/lib/python2.7/dist-packages/django/template/base.py", line 844, in render
    bit = self.render_node(node, context)
  File "/usr/local/lib/python2.7/dist-packages/django/template/debug.py", line 80, in render_node
    return node.render(context)
  File "/usr/local/lib/python2.7/dist-packages/django/template/debug.py", line 90, in render
    output = self.filter_expression.resolve(context)
  File "/usr/local/lib/python2.7/dist-packages/django/template/base.py", line 624, in resolve
    new_obj = func(obj, *arg_vals)
  File "/usr/local/lib/python2.7/dist-packages/django/template/defaultfilters.py", line 769, in date
    return format(value, arg)
  File "/usr/local/lib/python2.7/dist-packages/django/utils/dateformat.py", line 343, in format
    return df.format(format_string)
  File "/usr/local/lib/python2.7/dist-packages/django/utils/dateformat.py", line 35, in format
    pieces.append(force_text(getattr(self, piece)()))
  File "/usr/local/lib/python2.7/dist-packages/django/utils/dateformat.py", line 268, in r
    return self.format('D, j M Y H:i:s O')
  File "/usr/local/lib/python2.7/dist-packages/django/utils/dateformat.py", line 35, in format
    pieces.append(force_text(getattr(self, piece)()))
  File "/usr/local/lib/python2.7/dist-packages/django/utils/encoding.py", line 85, in force_text
    s = six.text_type(s)
  File "/usr/local/lib/python2.7/dist-packages/django/utils/functional.py", line 144, in __text_cast
    return func(*self.__args, **self.__kw)
  File "/usr/local/lib/python2.7/dist-packages/django/utils/translation/__init__.py", line 83, in ugettext
    return _trans.ugettext(message)
  File "/usr/local/lib/python2.7/dist-packages/django/utils/translation/trans_real.py", line 325, in ugettext
    return do_translate(message, 'ugettext')
  File "/usr/local/lib/python2.7/dist-packages/django/utils/translation/trans_real.py", line 306, in do_translate
    _default = translation(settings.LANGUAGE_CODE)
  File "/usr/local/lib/python2.7/dist-packages/django/utils/translation/trans_real.py", line 209, in translation
    default_translation = _fetch(settings.LANGUAGE_CODE)
  File "/usr/local/lib/python2.7/dist-packages/django/utils/translation/trans_real.py", line 189, in _fetch
    "The translation infrastructure cannot be initialized before the "
django.core.exceptions.AppRegistryNotReady: The translation infrastructure cannot be initialized before the apps registry is ready. Check that you don't make non-lazy gettext calls at import time.
[pid: 13381|app: 0|req: 3/3] 192.168.0.127 () {40 vars in 858 bytes} [Tue May 19 17:43:38 2015] GET /static/images/alipay.png => generated 0 bytes in 20 msecs (HTTP/1.1 500) 0 headers in 0 bytes (0 switches on core 0)
Traceback (most recent call last):
  File "/usr/local/lib/python2.7/dist-packages/django/core/handlers/wsgi.py", line 187, in __call__
    response = self.get_response(request)
  File "/usr/local/lib/python2.7/dist-packages/django/core/handlers/base.py", line 199, in get_response
    response = self.handle_uncaught_exception(request, resolver, sys.exc_info())
  File "/usr/local/lib/python2.7/dist-packages/django/core/handlers/base.py", line 236, in handle_uncaught_exception
    return debug.technical_500_response(request, *exc_info)
  File "/usr/local/lib/python2.7/dist-packages/django/views/debug.py", line 91, in technical_500_response
    html = reporter.get_traceback_html()
  File "/usr/local/lib/python2.7/dist-packages/django/views/debug.py", line 350, in get_traceback_html
    return t.render(c)
  File "/usr/local/lib/python2.7/dist-packages/django/template/base.py", line 148, in render
    return self._render(context)
  File "/usr/local/lib/python2.7/dist-packages/django/template/base.py", line 142, in _render
    return self.nodelist.render(context)
  File "/usr/local/lib/python2.7/dist-packages/django/template/base.py", line 844, in render
    bit = self.render_node(node, context)
  File "/usr/local/lib/python2.7/dist-packages/django/template/debug.py", line 80, in render_node
    return node.render(context)
  File "/usr/local/lib/python2.7/dist-packages/django/template/debug.py", line 90, in render
    output = self.filter_expression.resolve(context)
  File "/usr/local/lib/python2.7/dist-packages/django/template/base.py", line 624, in resolve
    new_obj = func(obj, *arg_vals)
  File "/usr/local/lib/python2.7/dist-packages/django/template/defaultfilters.py", line 769, in date
    return format(value, arg)
  File "/usr/local/lib/python2.7/dist-packages/django/utils/dateformat.py", line 343, in format
    return df.format(format_string)
  File "/usr/local/lib/python2.7/dist-packages/django/utils/dateformat.py", line 35, in format
    pieces.append(force_text(getattr(self, piece)()))
  File "/usr/local/lib/python2.7/dist-packages/django/utils/dateformat.py", line 268, in r
    return self.format('D, j M Y H:i:s O')
  File "/usr/local/lib/python2.7/dist-packages/django/utils/dateformat.py", line 35, in format
    pieces.append(force_text(getattr(self, piece)()))
  File "/usr/local/lib/python2.7/dist-packages/django/utils/encoding.py", line 85, in force_text
    s = six.text_type(s)
  File "/usr/local/lib/python2.7/dist-packages/django/utils/functional.py", line 144, in __text_cast
    return func(*self.__args, **self.__kw)
  File "/usr/local/lib/python2.7/dist-packages/django/utils/translation/__init__.py", line 83, in ugettext
    return _trans.ugettext(message)
  File "/usr/local/lib/python2.7/dist-packages/django/utils/translation/trans_real.py", line 325, in ugettext
    return do_translate(message, 'ugettext')
  File "/usr/local/lib/python2.7/dist-packages/django/utils/translation/trans_real.py", line 306, in do_translate
    _default = translation(settings.LANGUAGE_CODE)
  File "/usr/local/lib/python2.7/dist-packages/django/utils/translation/trans_real.py", line 209, in translation
    default_translation = _fetch(settings.LANGUAGE_CODE)
  File "/usr/local/lib/python2.7/dist-packages/django/utils/translation/trans_real.py", line 189, in _fetch
    "The translation infrastructure cannot be initialized before the "
django.core.exceptions.AppRegistryNotReady: The translation infrastructure cannot be initialized before the apps registry is ready. Check that you don't make non-lazy gettext calls at import time.
[pid: 13381|app: 0|req: 4/4] 192.168.0.127 () {40 vars in 858 bytes} [Tue May 19 17:43:38 2015] GET /static/images/alipay.png => generated 0 bytes in 40 msecs (HTTP/1.1 500) 0 headers in 0 bytes (0 switches on core 0)
Traceback (most recent call last):
  File "/usr/local/lib/python2.7/dist-packages/django/core/handlers/wsgi.py", line 187, in __call__
    response = self.get_response(request)
  File "/usr/local/lib/python2.7/dist-packages/django/core/handlers/base.py", line 199, in get_response
    response = self.handle_uncaught_exception(request, resolver, sys.exc_info())
  File "/usr/local/lib/python2.7/dist-packages/django/core/handlers/base.py", line 236, in handle_uncaught_exception
    return debug.technical_500_response(request, *exc_info)
  File "/usr/local/lib/python2.7/dist-packages/django/views/debug.py", line 91, in technical_500_response
    html = reporter.get_traceback_html()
  File "/usr/local/lib/python2.7/dist-packages/django/views/debug.py", line 350, in get_traceback_html
    return t.render(c)
  File "/usr/local/lib/python2.7/dist-packages/django/template/base.py", line 148, in render
    return self._render(context)
  File "/usr/local/lib/python2.7/dist-packages/django/template/base.py", line 142, in _render
    return self.nodelist.render(context)
  File "/usr/local/lib/python2.7/dist-packages/django/template/base.py", line 844, in render
    bit = self.render_node(node, context)
  File "/usr/local/lib/python2.7/dist-packages/django/template/debug.py", line 80, in render_node
    return node.render(context)
  File "/usr/local/lib/python2.7/dist-packages/django/template/debug.py", line 90, in render
    output = self.filter_expression.resolve(context)
  File "/usr/local/lib/python2.7/dist-packages/django/template/base.py", line 624, in resolve
    new_obj = func(obj, *arg_vals)
  File "/usr/local/lib/python2.7/dist-packages/django/template/defaultfilters.py", line 769, in date
    return format(value, arg)
  File "/usr/local/lib/python2.7/dist-packages/django/utils/dateformat.py", line 343, in format
    return df.format(format_string)
  File "/usr/local/lib/python2.7/dist-packages/django/utils/dateformat.py", line 35, in format
    pieces.append(force_text(getattr(self, piece)()))
  File "/usr/local/lib/python2.7/dist-packages/django/utils/dateformat.py", line 268, in r
    return self.format('D, j M Y H:i:s O')
  File "/usr/local/lib/python2.7/dist-packages/django/utils/dateformat.py", line 35, in format
    pieces.append(force_text(getattr(self, piece)()))
  File "/usr/local/lib/python2.7/dist-packages/django/utils/encoding.py", line 85, in force_text
    s = six.text_type(s)
  File "/usr/local/lib/python2.7/dist-packages/django/utils/functional.py", line 144, in __text_cast
    return func(*self.__args, **self.__kw)
  File "/usr/local/lib/python2.7/dist-packages/django/utils/translation/__init__.py", line 83, in ugettext
    return _trans.ugettext(message)
  File "/usr/local/lib/python2.7/dist-packages/django/utils/translation/trans_real.py", line 325, in ugettext
    return do_translate(message, 'ugettext')
  File "/usr/local/lib/python2.7/dist-packages/django/utils/translation/trans_real.py", line 306, in do_translate
    _default = translation(settings.LANGUAGE_CODE)
  File "/usr/local/lib/python2.7/dist-packages/django/utils/translation/trans_real.py", line 209, in translation
    default_translation = _fetch(settings.LANGUAGE_CODE)
  File "/usr/local/lib/python2.7/dist-packages/django/utils/translation/trans_real.py", line 189, in _fetch
    "The translation infrastructure cannot be initialized before the "
django.core.exceptions.AppRegistryNotReady: The translation infrastructure cannot be initialized before the apps registry is ready. Check that you don't make non-lazy gettext calls at import time.
[pid: 13381|app: 0|req: 5/5] 192.168.0.127 () {40 vars in 858 bytes} [Tue May 19 17:43:38 2015] GET /static/images/alipay.png => generated 0 bytes in 38 msecs (HTTP/1.1 500) 0 headers in 0 bytes (0 switches on core 0)
Traceback (most recent call last):
  File "/usr/local/lib/python2.7/dist-packages/django/core/handlers/wsgi.py", line 187, in __call__
    response = self.get_response(request)
  File "/usr/local/lib/python2.7/dist-packages/django/core/handlers/base.py", line 199, in get_response
    response = self.handle_uncaught_exception(request, resolver, sys.exc_info())
  File "/usr/local/lib/python2.7/dist-packages/django/core/handlers/base.py", line 236, in handle_uncaught_exception
    return debug.technical_500_response(request, *exc_info)
  File "/usr/local/lib/python2.7/dist-packages/django/views/debug.py", line 91, in technical_500_response
    html = reporter.get_traceback_html()
  File "/usr/local/lib/python2.7/dist-packages/django/views/debug.py", line 350, in get_traceback_html
    return t.render(c)
  File "/usr/local/lib/python2.7/dist-packages/django/template/base.py", line 148, in render
    return self._render(context)
  File "/usr/local/lib/python2.7/dist-packages/django/template/base.py", line 142, in _render
    return self.nodelist.render(context)
  File "/usr/local/lib/python2.7/dist-packages/django/template/base.py", line 844, in render
    bit = self.render_node(node, context)
  File "/usr/local/lib/python2.7/dist-packages/django/template/debug.py", line 80, in render_node
    return node.render(context)
  File "/usr/local/lib/python2.7/dist-packages/django/template/debug.py", line 90, in render
    output = self.filter_expression.resolve(context)
  File "/usr/local/lib/python2.7/dist-packages/django/template/base.py", line 624, in resolve
    new_obj = func(obj, *arg_vals)
  File "/usr/local/lib/python2.7/dist-packages/django/template/defaultfilters.py", line 769, in date
    return format(value, arg)
  File "/usr/local/lib/python2.7/dist-packages/django/utils/dateformat.py", line 343, in format
    return df.format(format_string)
  File "/usr/local/lib/python2.7/dist-packages/django/utils/dateformat.py", line 35, in format
    pieces.append(force_text(getattr(self, piece)()))
  File "/usr/local/lib/python2.7/dist-packages/django/utils/dateformat.py", line 268, in r
    return self.format('D, j M Y H:i:s O')
  File "/usr/local/lib/python2.7/dist-packages/django/utils/dateformat.py", line 35, in format
    pieces.append(force_text(getattr(self, piece)()))
  File "/usr/local/lib/python2.7/dist-packages/django/utils/encoding.py", line 85, in force_text
    s = six.text_type(s)
  File "/usr/local/lib/python2.7/dist-packages/django/utils/functional.py", line 144, in __text_cast
    return func(*self.__args, **self.__kw)
  File "/usr/local/lib/python2.7/dist-packages/django/utils/translation/__init__.py", line 83, in ugettext
    return _trans.ugettext(message)
  File "/usr/local/lib/python2.7/dist-packages/django/utils/translation/trans_real.py", line 325, in ugettext
    return do_translate(message, 'ugettext')
  File "/usr/local/lib/python2.7/dist-packages/django/utils/translation/trans_real.py", line 306, in do_translate
    _default = translation(settings.LANGUAGE_CODE)
  File "/usr/local/lib/python2.7/dist-packages/django/utils/translation/trans_real.py", line 209, in translation
    default_translation = _fetch(settings.LANGUAGE_CODE)
  File "/usr/local/lib/python2.7/dist-packages/django/utils/translation/trans_real.py", line 189, in _fetch
    "The translation infrastructure cannot be initialized before the "
django.core.exceptions.AppRegistryNotReady: The translation infrastructure cannot be initialized before the apps registry is ready. Check that you don't make non-lazy gettext calls at import time.
[pid: 13381|app: 0|req: 6/6] 192.168.0.127 () {38 vars in 779 bytes} [Tue May 19 17:50:34 2015] GET / => generated 0 bytes in 52 msecs (HTTP/1.1 500) 0 headers in 0 bytes (0 switches on core 0)
Traceback (most recent call last):
  File "/usr/local/lib/python2.7/dist-packages/django/core/handlers/wsgi.py", line 187, in __call__
    response = self.get_response(request)
  File "/usr/local/lib/python2.7/dist-packages/django/core/handlers/base.py", line 199, in get_response
    response = self.handle_uncaught_exception(request, resolver, sys.exc_info())
  File "/usr/local/lib/python2.7/dist-packages/django/core/handlers/base.py", line 236, in handle_uncaught_exception
    return debug.technical_500_response(request, *exc_info)
  File "/usr/local/lib/python2.7/dist-packages/django/views/debug.py", line 91, in technical_500_response
    html = reporter.get_traceback_html()
  File "/usr/local/lib/python2.7/dist-packages/django/views/debug.py", line 350, in get_traceback_html
    return t.render(c)
  File "/usr/local/lib/python2.7/dist-packages/django/template/base.py", line 148, in render
    return self._render(context)
  File "/usr/local/lib/python2.7/dist-packages/django/template/base.py", line 142, in _render
    return self.nodelist.render(context)
  File "/usr/local/lib/python2.7/dist-packages/django/template/base.py", line 844, in render
    bit = self.render_node(node, context)
  File "/usr/local/lib/python2.7/dist-packages/django/template/debug.py", line 80, in render_node
    return node.render(context)
  File "/usr/local/lib/python2.7/dist-packages/django/template/debug.py", line 90, in render
    output = self.filter_expression.resolve(context)
  File "/usr/local/lib/python2.7/dist-packages/django/template/base.py", line 624, in resolve
    new_obj = func(obj, *arg_vals)
  File "/usr/local/lib/python2.7/dist-packages/django/template/defaultfilters.py", line 769, in date
    return format(value, arg)
  File "/usr/local/lib/python2.7/dist-packages/django/utils/dateformat.py", line 343, in format
    return df.format(format_string)
  File "/usr/local/lib/python2.7/dist-packages/django/utils/dateformat.py", line 35, in format
    pieces.append(force_text(getattr(self, piece)()))
  File "/usr/local/lib/python2.7/dist-packages/django/utils/dateformat.py", line 268, in r
    return self.format('D, j M Y H:i:s O')
  File "/usr/local/lib/python2.7/dist-packages/django/utils/dateformat.py", line 35, in format
    pieces.append(force_text(getattr(self, piece)()))
  File "/usr/local/lib/python2.7/dist-packages/django/utils/encoding.py", line 85, in force_text
    s = six.text_type(s)
  File "/usr/local/lib/python2.7/dist-packages/django/utils/functional.py", line 144, in __text_cast
    return func(*self.__args, **self.__kw)
  File "/usr/local/lib/python2.7/dist-packages/django/utils/translation/__init__.py", line 83, in ugettext
    return _trans.ugettext(message)
  File "/usr/local/lib/python2.7/dist-packages/django/utils/translation/trans_real.py", line 325, in ugettext
    return do_translate(message, 'ugettext')
  File "/usr/local/lib/python2.7/dist-packages/django/utils/translation/trans_real.py", line 306, in do_translate
    _default = translation(settings.LANGUAGE_CODE)
  File "/usr/local/lib/python2.7/dist-packages/django/utils/translation/trans_real.py", line 209, in translation
    default_translation = _fetch(settings.LANGUAGE_CODE)
  File "/usr/local/lib/python2.7/dist-packages/django/utils/translation/trans_real.py", line 189, in _fetch
    "The translation infrastructure cannot be initialized before the "
django.core.exceptions.AppRegistryNotReady: The translation infrastructure cannot be initialized before the apps registry is ready. Check that you don't make non-lazy gettext calls at import time.
[pid: 13381|app: 0|req: 7/7] 192.168.0.127 () {38 vars in 779 bytes} [Tue May 19 17:54:00 2015] GET / => generated 0 bytes in 53 msecs (HTTP/1.1 500) 0 headers in 0 bytes (0 switches on core 0)
...brutally killing workers...
worker 1 buried after 1 seconds
binary reloading uWSGI...
chdir() to /var/www/sadmin
closing all non-uwsgi socket fds > 2 (max_fd = 1024)...
found fd 3 mapped to socket 0 (:9090)
running /usr/local/bin/uwsgi
[uWSGI] getting INI configuration from uwsgi/uwsgi.ini
*** Starting uWSGI 2.0.10 (64bit) on [Tue May 19 18:02:34 2015] ***
compiled with version: 4.7.2 on 19 May 2015 16:10:43
os: Linux-3.18.0-kali1-amd64 #1 SMP Debian 3.18.3-1~kali4 (2015-01-22)
nodename: kali
machine: x86_64
clock source: unix
pcre jit disabled
detected number of CPU cores: 2
current working directory: /var/www/sadmin
detected binary path: /usr/local/bin/uwsgi
chdir() to /var/www/sadmin
your processes number limit is 15716
your memory page size is 4096 bytes
detected max file descriptor number: 1024
lock engine: pthread robust mutexes
thunder lock: disabled (you can enable it with --thunder-lock)
uwsgi socket 0 inherited INET address :9090 fd 3
Python version: 2.7.3 (default, Mar 13 2014, 11:26:58)  [GCC 4.7.2]
*** Python threads support is disabled. You can enable it with --enable-threads ***
Python main interpreter initialized at 0x7cbfe0
your server socket listen backlog is limited to 100 connections
your mercy for graceful operations on workers is 60 seconds
mapped 145536 bytes (142 KB) for 1 cores
*** Operational MODE: single process ***
WSGI app 0 (mountpoint='') ready in 0 seconds on interpreter 0x7cbfe0 pid: 13380 (default app)
*** uWSGI is running in multiple interpreter mode ***
gracefully (RE)spawned uWSGI master process (pid: 13380)
spawned uWSGI worker 1 (pid: 13697, cores: 1)
...brutally killing workers...
worker 1 buried after 1 seconds
binary reloading uWSGI...
chdir() to /var/www/sadmin
closing all non-uwsgi socket fds > 2 (max_fd = 1024)...
found fd 3 mapped to socket 0 (:9090)
running /usr/local/bin/uwsgi
[uWSGI] getting INI configuration from uwsgi/uwsgi.ini
*** Starting uWSGI 2.0.10 (64bit) on [Tue May 19 18:02:37 2015] ***
compiled with version: 4.7.2 on 19 May 2015 16:10:43
os: Linux-3.18.0-kali1-amd64 #1 SMP Debian 3.18.3-1~kali4 (2015-01-22)
nodename: kali
machine: x86_64
clock source: unix
pcre jit disabled
detected number of CPU cores: 2
current working directory: /var/www/sadmin
detected binary path: /usr/local/bin/uwsgi
chdir() to /var/www/sadmin
your processes number limit is 15716
your memory page size is 4096 bytes
detected max file descriptor number: 1024
lock engine: pthread robust mutexes
thunder lock: disabled (you can enable it with --thunder-lock)
uwsgi socket 0 inherited INET address :9090 fd 3
Python version: 2.7.3 (default, Mar 13 2014, 11:26:58)  [GCC 4.7.2]
*** Python threads support is disabled. You can enable it with --enable-threads ***
Python main interpreter initialized at 0x1138000
your server socket listen backlog is limited to 100 connections
your mercy for graceful operations on workers is 60 seconds
mapped 145536 bytes (142 KB) for 1 cores
*** Operational MODE: single process ***
WSGI app 0 (mountpoint='') ready in 0 seconds on interpreter 0x1138000 pid: 13380 (default app)
*** uWSGI is running in multiple interpreter mode ***
gracefully (RE)spawned uWSGI master process (pid: 13380)
spawned uWSGI worker 1 (pid: 13700, cores: 1)
...brutally killing workers...
worker 1 buried after 0 seconds
binary reloading uWSGI...
chdir() to /var/www/sadmin
closing all non-uwsgi socket fds > 2 (max_fd = 1024)...
found fd 3 mapped to socket 0 (:9090)
running /usr/local/bin/uwsgi
[uWSGI] getting INI configuration from uwsgi/uwsgi.ini
*** Starting uWSGI 2.0.10 (64bit) on [Tue May 19 18:02:38 2015] ***
compiled with version: 4.7.2 on 19 May 2015 16:10:43
os: Linux-3.18.0-kali1-amd64 #1 SMP Debian 3.18.3-1~kali4 (2015-01-22)
nodename: kali
machine: x86_64
clock source: unix
pcre jit disabled
detected number of CPU cores: 2
current working directory: /var/www/sadmin
detected binary path: /usr/local/bin/uwsgi
chdir() to /var/www/sadmin
your processes number limit is 15716
your memory page size is 4096 bytes
detected max file descriptor number: 1024
lock engine: pthread robust mutexes
thunder lock: disabled (you can enable it with --thunder-lock)
uwsgi socket 0 inherited INET address :9090 fd 3
Python version: 2.7.3 (default, Mar 13 2014, 11:26:58)  [GCC 4.7.2]
*** Python threads support is disabled. You can enable it with --enable-threads ***
Python main interpreter initialized at 0x1d83000
your server socket listen backlog is limited to 100 connections
your mercy for graceful operations on workers is 60 seconds
mapped 145536 bytes (142 KB) for 1 cores
*** Operational MODE: single process ***
WSGI app 0 (mountpoint='') ready in 0 seconds on interpreter 0x1d83000 pid: 13380 (default app)
*** uWSGI is running in multiple interpreter mode ***
gracefully (RE)spawned uWSGI master process (pid: 13380)
spawned uWSGI worker 1 (pid: 13703, cores: 1)
...brutally killing workers...
worker 1 buried after 1 seconds
binary reloading uWSGI...
chdir() to /var/www/sadmin
closing all non-uwsgi socket fds > 2 (max_fd = 1024)...
found fd 3 mapped to socket 0 (:9090)
running /usr/local/bin/uwsgi
[uWSGI] getting INI configuration from uwsgi/uwsgi.ini
*** Starting uWSGI 2.0.10 (64bit) on [Tue May 19 18:02:39 2015] ***
compiled with version: 4.7.2 on 19 May 2015 16:10:43
os: Linux-3.18.0-kali1-amd64 #1 SMP Debian 3.18.3-1~kali4 (2015-01-22)
nodename: kali
machine: x86_64
clock source: unix
pcre jit disabled
detected number of CPU cores: 2
current working directory: /var/www/sadmin
detected binary path: /usr/local/bin/uwsgi
chdir() to /var/www/sadmin
your processes number limit is 15716
your memory page size is 4096 bytes
detected max file descriptor number: 1024
lock engine: pthread robust mutexes
thunder lock: disabled (you can enable it with --thunder-lock)
uwsgi socket 0 inherited INET address :9090 fd 3
Python version: 2.7.3 (default, Mar 13 2014, 11:26:58)  [GCC 4.7.2]
*** Python threads support is disabled. You can enable it with --enable-threads ***
Python main interpreter initialized at 0xa0c000
your server socket listen backlog is limited to 100 connections
your mercy for graceful operations on workers is 60 seconds
mapped 145536 bytes (142 KB) for 1 cores
*** Operational MODE: single process ***
WSGI app 0 (mountpoint='') ready in 1 seconds on interpreter 0xa0c000 pid: 13380 (default app)
*** uWSGI is running in multiple interpreter mode ***
gracefully (RE)spawned uWSGI master process (pid: 13380)
spawned uWSGI worker 1 (pid: 13705, cores: 1)
Tue May 19 18:02:50 2015 - uWSGI worker 1 screams: UAAAAAAH my master disconnected: i will kill myself !!!
*** Starting uWSGI 2.0.10 (64bit) on [Tue May 19 18:09:18 2015] ***
compiled with version: 4.7.2 on 19 May 2015 16:10:43
os: Linux-3.18.0-kali1-amd64 #1 SMP Debian 3.18.3-1~kali4 (2015-01-22)
nodename: kali
machine: x86_64
clock source: unix
pcre jit disabled
detected number of CPU cores: 2
current working directory: /var/www/sadmin
detected binary path: /usr/local/bin/uwsgi
uWSGI running as root, you can use --uid/--gid/--chroot options
setuid() to 33
chdir() to /var/www/sadmin
your processes number limit is 15716
your memory page size is 4096 bytes
detected max file descriptor number: 1024
lock engine: pthread robust mutexes
thunder lock: disabled (you can enable it with --thunder-lock)
uwsgi socket 0 bound to TCP address :9090 fd 3
Python version: 2.7.3 (default, Mar 13 2014, 11:26:58)  [GCC 4.7.2]
*** Python threads support is disabled. You can enable it with --enable-threads ***
Python main interpreter initialized at 0x24691a0
your server socket listen backlog is limited to 100 connections
your mercy for graceful operations on workers is 60 seconds
mapped 145536 bytes (142 KB) for 1 cores
*** Operational MODE: single process ***
WSGI app 0 (mountpoint='') ready in 0 seconds on interpreter 0x24691a0 pid: 13758 (default app)
*** uWSGI is running in multiple interpreter mode ***
spawned uWSGI master process (pid: 13758)
spawned uWSGI worker 1 (pid: 13759, cores: 1)
./UserManage/forms.py:137: RemovedInDjango18Warning: Creating a ModelForm without either the 'fields' attribute or the 'exclude' attribute is deprecated - form PermissionListForm needs updating
  class PermissionListForm(forms.ModelForm):

./UserManage/forms.py:152: RemovedInDjango18Warning: Creating a ModelForm without either the 'fields' attribute or the 'exclude' attribute is deprecated - form RoleListForm needs updating
  class RoleListForm(forms.ModelForm):

[pid: 13759|app: 0|req: 1/1] 192.168.0.127 () {38 vars in 779 bytes} [Tue May 19 18:09:43 2015] GET / => generated 5595 bytes in 97 msecs (HTTP/1.1 200) 3 headers in 102 bytes (1 switches on core 0)
[pid: 13759|app: 0|req: 2/2] 192.168.0.127 () {40 vars in 808 bytes} [Tue May 19 18:09:43 2015] GET /static/css/bootstrap.css => generated 56689 bytes in 65 msecs (HTTP/1.1 500) 2 headers in 92 bytes (1 switches on core 0)
[pid: 13759|app: 0|req: 3/3] 192.168.0.127 () {40 vars in 805 bytes} [Tue May 19 18:09:43 2015] GET /static/js/jquery-1.11.0.min.js => generated 56771 bytes in 45 msecs (HTTP/1.1 500) 2 headers in 92 bytes (1 switches on core 0)
[pid: 13759|app: 0|req: 4/4] 192.168.0.127 () {40 vars in 802 bytes} [Tue May 19 18:09:44 2015] GET /static/css/custom.css => generated 56626 bytes in 42 msecs (HTTP/1.1 500) 2 headers in 92 bytes (1 switches on core 0)
[pid: 13759|app: 0|req: 5/5] 192.168.0.127 () {40 vars in 797 bytes} [Tue May 19 18:09:44 2015] GET /static/js/bootstrap.min.js => generated 56687 bytes in 42 msecs (HTTP/1.1 500) 2 headers in 92 bytes (1 switches on core 0)
[pid: 13759|app: 0|req: 6/6] 192.168.0.127 () {40 vars in 810 bytes} [Tue May 19 18:13:37 2015] GET / => generated 5595 bytes in 18 msecs (HTTP/1.1 200) 3 headers in 102 bytes (1 switches on core 0)
[pid: 13759|app: 0|req: 7/7] 192.168.0.127 () {42 vars in 839 bytes} [Tue May 19 18:13:37 2015] GET /static/css/bootstrap.css => generated 56930 bytes in 99 msecs (HTTP/1.1 500) 2 headers in 92 bytes (1 switches on core 0)
[pid: 13759|app: 0|req: 8/8] 192.168.0.127 () {42 vars in 836 bytes} [Tue May 19 18:13:37 2015] GET /static/js/jquery-1.11.0.min.js => generated 57012 bytes in 53 msecs (HTTP/1.1 500) 2 headers in 92 bytes (1 switches on core 0)
[pid: 13759|app: 0|req: 9/9] 192.168.0.127 () {42 vars in 833 bytes} [Tue May 19 18:13:37 2015] GET /static/css/custom.css => generated 56867 bytes in 59 msecs (HTTP/1.1 500) 2 headers in 92 bytes (1 switches on core 0)
[pid: 13759|app: 0|req: 10/10] 192.168.0.127 () {42 vars in 828 bytes} [Tue May 19 18:13:37 2015] GET /static/js/bootstrap.min.js => generated 56928 bytes in 51 msecs (HTTP/1.1 500) 2 headers in 92 bytes (1 switches on core 0)
[pid: 13759|app: 0|req: 11/11] 192.168.0.127 () {40 vars in 808 bytes} [Tue May 19 18:32:14 2015] GET /static/css/bootstrap.css => generated 56689 bytes in 98 msecs (HTTP/1.1 500) 2 headers in 92 bytes (1 switches on core 0)
[pid: 13759|app: 0|req: 12/12] 192.168.0.127 () {40 vars in 802 bytes} [Tue May 19 18:32:14 2015] GET /static/css/custom.css => generated 56626 bytes in 115 msecs (HTTP/1.1 500) 2 headers in 92 bytes (1 switches on core 0)
[pid: 13759|app: 0|req: 13/13] 192.168.0.127 () {40 vars in 864 bytes} [Tue May 19 18:32:28 2015] GET /accounts/user/changepwd/ => generated 7146 bytes in 30 msecs (HTTP/1.1 200) 4 headers in 224 bytes (1 switches on core 0)
[pid: 13759|app: 0|req: 14/14] 192.168.0.127 () {40 vars in 832 bytes} [Tue May 19 18:32:28 2015] GET /static/css/bootstrap.css => generated 56761 bytes in 75 msecs (HTTP/1.1 500) 2 headers in 92 bytes (1 switches on core 0)
[pid: 13759|app: 0|req: 15/15] 192.168.0.127 () {40 vars in 829 bytes} [Tue May 19 18:32:28 2015] GET /static/js/jquery-1.11.0.min.js => generated 56843 bytes in 48 msecs (HTTP/1.1 500) 2 headers in 92 bytes (1 switches on core 0)
[pid: 13759|app: 0|req: 16/16] 192.168.0.127 () {40 vars in 826 bytes} [Tue May 19 18:32:28 2015] GET /static/css/custom.css => generated 56698 bytes in 51 msecs (HTTP/1.1 500) 2 headers in 92 bytes (1 switches on core 0)
[pid: 13759|app: 0|req: 17/17] 192.168.0.127 () {40 vars in 821 bytes} [Tue May 19 18:32:28 2015] GET /static/js/bootstrap.min.js => generated 56759 bytes in 47 msecs (HTTP/1.1 500) 2 headers in 92 bytes (1 switches on core 0)
[pid: 13759|app: 0|req: 18/18] 192.168.0.127 () {40 vars in 840 bytes} [Tue May 19 18:32:35 2015] GET / => generated 5595 bytes in 9 msecs (HTTP/1.1 200) 3 headers in 102 bytes (1 switches on core 0)
[pid: 13759|app: 0|req: 19/19] 192.168.0.127 () {40 vars in 808 bytes} [Tue May 19 18:32:35 2015] GET /static/css/bootstrap.css => generated 56689 bytes in 70 msecs (HTTP/1.1 500) 2 headers in 92 bytes (1 switches on core 0)
[pid: 13759|app: 0|req: 20/20] 192.168.0.127 () {40 vars in 805 bytes} [Tue May 19 18:32:35 2015] GET /static/js/jquery-1.11.0.min.js => generated 56771 bytes in 56 msecs (HTTP/1.1 500) 2 headers in 92 bytes (1 switches on core 0)
[pid: 13759|app: 0|req: 21/21] 192.168.0.127 () {40 vars in 802 bytes} [Tue May 19 18:32:36 2015] GET /static/css/custom.css => generated 56626 bytes in 58 msecs (HTTP/1.1 500) 2 headers in 92 bytes (1 switches on core 0)
[pid: 13759|app: 0|req: 22/22] 192.168.0.127 () {40 vars in 797 bytes} [Tue May 19 18:32:36 2015] GET /static/js/bootstrap.min.js => generated 56687 bytes in 72 msecs (HTTP/1.1 500) 2 headers in 92 bytes (1 switches on core 0)
[pid: 13759|app: 0|req: 23/23] 192.168.0.127 () {40 vars in 826 bytes} [Tue May 19 18:32:36 2015] GET /about => generated 0 bytes in 0 msecs (HTTP/1.1 301) 3 headers in 142 bytes (1 switches on core 0)
[pid: 13759|app: 0|req: 24/24] 192.168.0.127 () {40 vars in 828 bytes} [Tue May 19 18:32:36 2015] GET /about/ => generated 7947 bytes in 8 msecs (HTTP/1.1 200) 3 headers in 102 bytes (1 switches on core 0)
[pid: 13759|app: 0|req: 25/25] 192.168.0.127 () {40 vars in 814 bytes} [Tue May 19 18:32:36 2015] GET /static/css/bootstrap.css => generated 56707 bytes in 52 msecs (HTTP/1.1 500) 2 headers in 92 bytes (1 switches on core 0)
[pid: 13759|app: 0|req: 26/26] 192.168.0.127 () {40 vars in 811 bytes} [Tue May 19 18:32:36 2015] GET /static/js/jquery-1.11.0.min.js => generated 56789 bytes in 47 msecs (HTTP/1.1 500) 2 headers in 92 bytes (1 switches on core 0)
[pid: 13759|app: 0|req: 27/27] 192.168.0.127 () {40 vars in 808 bytes} [Tue May 19 18:32:36 2015] GET /static/css/custom.css => generated 56644 bytes in 49 msecs (HTTP/1.1 500) 2 headers in 92 bytes (1 switches on core 0)
[pid: 13759|app: 0|req: 28/28] 192.168.0.127 () {40 vars in 803 bytes} [Tue May 19 18:32:36 2015] GET /static/js/bootstrap.min.js => generated 56705 bytes in 50 msecs (HTTP/1.1 500) 2 headers in 92 bytes (1 switches on core 0)
[pid: 13759|app: 0|req: 29/29] 192.168.0.127 () {40 vars in 816 bytes} [Tue May 19 18:32:36 2015] GET /static/images/alipay.png => generated 56710 bytes in 50 msecs (HTTP/1.1 500) 2 headers in 92 bytes (1 switches on core 0)
[pid: 13759|app: 0|req: 30/30] 192.168.0.127 () {42 vars in 859 bytes} [Tue May 19 18:34:45 2015] GET /about/ => generated 7947 bytes in 14 msecs (HTTP/1.1 200) 3 headers in 102 bytes (1 switches on core 0)
[pid: 13759|app: 0|req: 31/31] 192.168.0.127 () {42 vars in 845 bytes} [Tue May 19 18:34:45 2015] GET /static/css/bootstrap.css => generated 56948 bytes in 81 msecs (HTTP/1.1 500) 2 headers in 92 bytes (1 switches on core 0)
[pid: 13759|app: 0|req: 32/32] 192.168.0.127 () {42 vars in 842 bytes} [Tue May 19 18:34:45 2015] GET /static/js/jquery-1.11.0.min.js => generated 57030 bytes in 76 msecs (HTTP/1.1 500) 2 headers in 92 bytes (1 switches on core 0)
[pid: 13759|app: 0|req: 33/33] 192.168.0.127 () {42 vars in 839 bytes} [Tue May 19 18:34:45 2015] GET /static/css/custom.css => generated 56885 bytes in 55 msecs (HTTP/1.1 500) 2 headers in 92 bytes (1 switches on core 0)
[pid: 13759|app: 0|req: 34/34] 192.168.0.127 () {42 vars in 834 bytes} [Tue May 19 18:34:45 2015] GET /static/js/bootstrap.min.js => generated 56946 bytes in 54 msecs (HTTP/1.1 500) 2 headers in 92 bytes (1 switches on core 0)
[pid: 13759|app: 0|req: 35/35] 192.168.0.127 () {42 vars in 847 bytes} [Tue May 19 18:34:45 2015] GET /static/images/alipay.png => generated 56951 bytes in 56 msecs (HTTP/1.1 500) 2 headers in 92 bytes (1 switches on core 0)
[pid: 13759|app: 0|req: 36/36] 192.168.0.127 () {44 vars in 881 bytes} [Tue May 19 18:34:48 2015] GET /about/ => generated 7947 bytes in 16 msecs (HTTP/1.1 200) 3 headers in 102 bytes (1 switches on core 0)
[pid: 13759|app: 0|req: 37/37] 192.168.0.127 () {44 vars in 867 bytes} [Tue May 19 18:34:48 2015] GET /static/css/bootstrap.css => generated 57162 bytes in 94 msecs (HTTP/1.1 500) 2 headers in 92 bytes (1 switches on core 0)
[pid: 13759|app: 0|req: 38/38] 192.168.0.127 () {44 vars in 864 bytes} [Tue May 19 18:34:48 2015] GET /static/js/jquery-1.11.0.min.js => generated 57244 bytes in 49 msecs (HTTP/1.1 500) 2 headers in 92 bytes (1 switches on core 0)
[pid: 13759|app: 0|req: 39/39] 192.168.0.127 () {44 vars in 856 bytes} [Tue May 19 18:34:48 2015] GET /static/js/bootstrap.min.js => generated 57160 bytes in 49 msecs (HTTP/1.1 500) 2 headers in 92 bytes (1 switches on core 0)
[pid: 13759|app: 0|req: 40/40] 192.168.0.127 () {44 vars in 861 bytes} [Tue May 19 18:34:48 2015] GET /static/css/custom.css => generated 57099 bytes in 54 msecs (HTTP/1.1 500) 2 headers in 92 bytes (1 switches on core 0)
[pid: 13759|app: 0|req: 41/41] 192.168.0.127 () {44 vars in 869 bytes} [Tue May 19 18:34:48 2015] GET /static/images/alipay.png => generated 57165 bytes in 55 msecs (HTTP/1.1 500) 2 headers in 92 bytes (1 switches on core 0)
[pid: 13759|app: 0|req: 42/42] 192.168.0.127 () {44 vars in 881 bytes} [Tue May 19 18:34:49 2015] GET /about/ => generated 7947 bytes in 13 msecs (HTTP/1.1 200) 3 headers in 102 bytes (1 switches on core 0)
[pid: 13759|app: 0|req: 43/43] 192.168.0.127 () {44 vars in 867 bytes} [Tue May 19 18:34:49 2015] GET /static/css/bootstrap.css => generated 57162 bytes in 61 msecs (HTTP/1.1 500) 2 headers in 92 bytes (1 switches on core 0)
[pid: 13759|app: 0|req: 44/44] 192.168.0.127 () {44 vars in 864 bytes} [Tue May 19 18:34:49 2015] GET /static/js/jquery-1.11.0.min.js => generated 57244 bytes in 51 msecs (HTTP/1.1 500) 2 headers in 92 bytes (1 switches on core 0)
[pid: 13759|app: 0|req: 45/45] 192.168.0.127 () {44 vars in 856 bytes} [Tue May 19 18:34:49 2015] GET /static/js/bootstrap.min.js => generated 57160 bytes in 49 msecs (HTTP/1.1 500) 2 headers in 92 bytes (1 switches on core 0)
[pid: 13759|app: 0|req: 46/46] 192.168.0.127 () {44 vars in 861 bytes} [Tue May 19 18:34:49 2015] GET /static/css/custom.css => generated 57099 bytes in 58 msecs (HTTP/1.1 500) 2 headers in 92 bytes (1 switches on core 0)
[pid: 13759|app: 0|req: 47/47] 192.168.0.127 () {44 vars in 869 bytes} [Tue May 19 18:34:49 2015] GET /static/images/alipay.png => generated 57165 bytes in 54 msecs (HTTP/1.1 500) 2 headers in 92 bytes (1 switches on core 0)
[pid: 13759|app: 0|req: 48/48] 192.168.0.127 () {44 vars in 881 bytes} [Tue May 19 18:35:21 2015] GET /about/ => generated 7947 bytes in 10 msecs (HTTP/1.1 200) 3 headers in 102 bytes (1 switches on core 0)
[pid: 13759|app: 0|req: 49/49] 192.168.0.127 () {44 vars in 867 bytes} [Tue May 19 18:35:21 2015] GET /static/css/bootstrap.css => generated 57162 bytes in 95 msecs (HTTP/1.1 500) 2 headers in 92 bytes (1 switches on core 0)
[pid: 13759|app: 0|req: 50/50] 192.168.0.127 () {44 vars in 864 bytes} [Tue May 19 18:35:21 2015] GET /static/js/jquery-1.11.0.min.js => generated 57244 bytes in 52 msecs (HTTP/1.1 500) 2 headers in 92 bytes (1 switches on core 0)
[pid: 13759|app: 0|req: 51/51] 192.168.0.127 () {44 vars in 861 bytes} [Tue May 19 18:35:21 2015] GET /static/css/custom.css => generated 57099 bytes in 52 msecs (HTTP/1.1 500) 2 headers in 92 bytes (1 switches on core 0)
[pid: 13759|app: 0|req: 52/52] 192.168.0.127 () {44 vars in 856 bytes} [Tue May 19 18:35:21 2015] GET /static/js/bootstrap.min.js => generated 57160 bytes in 49 msecs (HTTP/1.1 500) 2 headers in 92 bytes (1 switches on core 0)
[pid: 13759|app: 0|req: 53/53] 192.168.0.127 () {44 vars in 869 bytes} [Tue May 19 18:35:21 2015] GET /static/images/alipay.png => generated 57165 bytes in 66 msecs (HTTP/1.1 500) 2 headers in 92 bytes (1 switches on core 0)
[pid: 13759|app: 0|req: 54/54] 192.168.0.127 () {44 vars in 881 bytes} [Tue May 19 18:35:22 2015] GET /about/ => generated 7947 bytes in 8 msecs (HTTP/1.1 200) 3 headers in 102 bytes (1 switches on core 0)
[pid: 13759|app: 0|req: 55/55] 192.168.0.127 () {44 vars in 867 bytes} [Tue May 19 18:35:22 2015] GET /static/css/bootstrap.css => generated 57162 bytes in 88 msecs (HTTP/1.1 500) 2 headers in 92 bytes (1 switches on core 0)
[pid: 13759|app: 0|req: 56/56] 192.168.0.127 () {44 vars in 864 bytes} [Tue May 19 18:35:23 2015] GET /static/js/jquery-1.11.0.min.js => generated 57244 bytes in 53 msecs (HTTP/1.1 500) 2 headers in 92 bytes (1 switches on core 0)
[pid: 13759|app: 0|req: 57/57] 192.168.0.127 () {44 vars in 856 bytes} [Tue May 19 18:35:23 2015] GET /static/js/bootstrap.min.js => generated 57160 bytes in 51 msecs (HTTP/1.1 500) 2 headers in 92 bytes (1 switches on core 0)
[pid: 13759|app: 0|req: 58/58] 192.168.0.127 () {44 vars in 861 bytes} [Tue May 19 18:35:23 2015] GET /static/css/custom.css => generated 57099 bytes in 54 msecs (HTTP/1.1 500) 2 headers in 92 bytes (1 switches on core 0)
[pid: 13759|app: 0|req: 59/59] 192.168.0.127 () {44 vars in 869 bytes} [Tue May 19 18:35:23 2015] GET /static/images/alipay.png => generated 57165 bytes in 50 msecs (HTTP/1.1 500) 2 headers in 92 bytes (1 switches on core 0)
[pid: 13759|app: 0|req: 60/60] 192.168.0.127 () {42 vars in 853 bytes} [Tue May 19 18:47:33 2015] GET /about/ => generated 7947 bytes in 22 msecs (HTTP/1.1 200) 3 headers in 102 bytes (1 switches on core 0)
[pid: 13759|app: 0|req: 61/61] 192.168.0.127 () {40 vars in 816 bytes} [Tue May 19 18:47:37 2015] GET / => generated 5595 bytes in 14 msecs (HTTP/1.1 200) 3 headers in 102 bytes (1 switches on core 0)
...brutally killing workers...
worker 1 buried after 1 seconds
binary reloading uWSGI...
chdir() to /var/www/sadmin
closing all non-uwsgi socket fds > 2 (max_fd = 1024)...
found fd 3 mapped to socket 0 (:9090)
running /usr/local/bin/uwsgi
[uWSGI] getting INI configuration from uwsgi/uwsgi.ini
*** Starting uWSGI 2.0.10 (64bit) on [Tue May 19 18:47:51 2015] ***
compiled with version: 4.7.2 on 19 May 2015 16:10:43
os: Linux-3.18.0-kali1-amd64 #1 SMP Debian 3.18.3-1~kali4 (2015-01-22)
nodename: kali
machine: x86_64
clock source: unix
pcre jit disabled
detected number of CPU cores: 2
current working directory: /var/www/sadmin
detected binary path: /usr/local/bin/uwsgi
chdir() to /var/www/sadmin
your processes number limit is 15716
your memory page size is 4096 bytes
detected max file descriptor number: 1024
lock engine: pthread robust mutexes
thunder lock: disabled (you can enable it with --thunder-lock)
uwsgi socket 0 inherited INET address :9090 fd 3
Python version: 2.7.3 (default, Mar 13 2014, 11:26:58)  [GCC 4.7.2]
*** Python threads support is disabled. You can enable it with --enable-threads ***
Python main interpreter initialized at 0xb36090
your server socket listen backlog is limited to 100 connections
your mercy for graceful operations on workers is 60 seconds
mapped 145536 bytes (142 KB) for 1 cores
*** Operational MODE: single process ***
WSGI app 0 (mountpoint='') ready in 2 seconds on interpreter 0xb36090 pid: 13758 (default app)
*** uWSGI is running in multiple interpreter mode ***
gracefully (RE)spawned uWSGI master process (pid: 13758)
spawned uWSGI worker 1 (pid: 14453, cores: 1)
Tue May 19 18:47:59 2015 - uWSGI worker 1 screams: UAAAAAAH my master disconnected: i will kill myself !!!
*** Starting uWSGI 2.0.10 (64bit) on [Tue May 19 18:49:03 2015] ***
compiled with version: 4.7.2 on 19 May 2015 16:10:43
os: Linux-3.18.0-kali1-amd64 #1 SMP Debian 3.18.3-1~kali4 (2015-01-22)
nodename: kali
machine: x86_64
clock source: unix
pcre jit disabled
detected number of CPU cores: 2
current working directory: /var/www/sadmin
detected binary path: /usr/local/bin/uwsgi
uWSGI running as root, you can use --uid/--gid/--chroot options
setuid() to 33
chdir() to /var/www/sadmin/website
*** WARNING: you are running uWSGI without its master process manager ***
your processes number limit is 15716
your memory page size is 4096 bytes
detected max file descriptor number: 1024
lock engine: pthread robust mutexes
thunder lock: disabled (you can enable it with --thunder-lock)
uwsgi socket 0 bound to TCP address 127.0.0.1:9090 fd 3
Python version: 2.7.3 (default, Mar 13 2014, 11:26:58)  [GCC 4.7.2]
*** Python threads support is disabled. You can enable it with --enable-threads ***
Python main interpreter initialized at 0x1875c10
your server socket listen backlog is limited to 100 connections
your mercy for graceful operations on workers is 60 seconds
mapped 291072 bytes (284 KB) for 4 cores
*** Operational MODE: preforking ***
added ../ to pythonpath.
WSGI app 0 (mountpoint='') ready in 0 seconds on interpreter 0x1875c10 pid: 14542 (default app)
*** uWSGI is running in multiple interpreter mode ***
spawned uWSGI worker 1 (pid: 14542, cores: 1)
spawned uWSGI worker 2 (pid: 14543, cores: 1)
spawned uWSGI worker 3 (pid: 14544, cores: 1)
spawned uWSGI worker 4 (pid: 14545, cores: 1)
../UserManage/forms.py:137: RemovedInDjango18Warning: Creating a ModelForm without either the 'fields' attribute or the 'exclude' attribute is deprecated - form PermissionListForm needs updating
  class PermissionListForm(forms.ModelForm):

../UserManage/forms.py:152: RemovedInDjango18Warning: Creating a ModelForm without either the 'fields' attribute or the 'exclude' attribute is deprecated - form RoleListForm needs updating
  class RoleListForm(forms.ModelForm):

[pid: 14542|app: 0|req: 1/1] 192.168.0.127 () {42 vars in 847 bytes} [Tue May 19 18:49:07 2015] GET / => generated 5595 bytes in 67 msecs (HTTP/1.1 200) 3 headers in 102 bytes (1 switches on core 0)
../UserManage/forms.py:137: RemovedInDjango18Warning: Creating a ModelForm without either the 'fields' attribute or the 'exclude' attribute is deprecated - form PermissionListForm needs updating
  class PermissionListForm(forms.ModelForm):

../UserManage/forms.py:152: RemovedInDjango18Warning: Creating a ModelForm without either the 'fields' attribute or the 'exclude' attribute is deprecated - form RoleListForm needs updating
  class RoleListForm(forms.ModelForm):

[pid: 14545|app: 0|req: 1/2] 192.168.0.127 () {40 vars in 848 bytes} [Tue May 19 18:49:14 2015] GET /accounts/user/list/ => generated 7561 bytes in 225 msecs (HTTP/1.1 200) 3 headers in 102 bytes (1 switches on core 0)
[pid: 14545|app: 0|req: 2/3] 192.168.0.127 () {40 vars in 841 bytes} [Tue May 19 18:49:17 2015] GET /about/ => generated 7947 bytes in 21 msecs (HTTP/1.1 200) 3 headers in 102 bytes (1 switches on core 0)
[pid: 14545|app: 0|req: 3/4] 192.168.0.127 () {40 vars in 816 bytes} [Tue May 19 18:49:18 2015] GET / => generated 5595 bytes in 12 msecs (HTTP/1.1 200) 3 headers in 102 bytes (1 switches on core 0)
