DEB [20150726-17:29:16.027] thr=1   paramiko.transport: starting thread (client mode): 0x33b27f90L
INF [20150726-17:29:16.050] thr=1   paramiko.transport: Connected (version 2.0, client OpenSSH_5.8)
DEB [20150726-17:29:16.070] thr=1   paramiko.transport: kex algos:['diffie-hellman-group-exchange-sha256', 'diffie-hellman-group-exchange-sha1', 'diffie-hellman-group14-sha1', 'diffie-hellman-group1-sha1'] server key:['ssh-rsa', 'ssh-dss'] client encrypt:['aes128-ctr', 'aes192-ctr', 'aes256-ctr', 'arcfour256', 'arcfour128', 'aes128-cbc', '3des-cbc', 'blowfish-cbc', 'cast128-cbc', 'aes192-cbc', 'aes256-cbc', 'arcfour', 'rijndael-cbc@lysator.liu.se'] server encrypt:['aes128-ctr', 'aes192-ctr', 'aes256-ctr', 'arcfour256', 'arcfour128', 'aes128-cbc', '3des-cbc', 'blowfish-cbc', 'cast128-cbc', 'aes192-cbc', 'aes256-cbc', 'arcfour', 'rijndael-cbc@lysator.liu.se'] client mac:['hmac-md5', 'hmac-sha1', 'umac-64@openssh.com', 'hmac-ripemd160', 'hmac-ripemd160@openssh.com', 'hmac-sha1-96', 'hmac-md5-96'] server mac:['hmac-md5', 'hmac-sha1', 'umac-64@openssh.com', 'hmac-ripemd160', 'hmac-ripemd160@openssh.com', 'hmac-sha1-96', 'hmac-md5-96'] client compress:['none', 'zlib@openssh.com'] server compress:['none', 'zlib@openssh.com'] client lang:[''] server lang:[''] kex follows?False
DEB [20150726-17:29:16.070] thr=1   paramiko.transport: Ciphers agreed: local=aes128-ctr, remote=aes128-ctr
DEB [20150726-17:29:16.070] thr=1   paramiko.transport: using kex diffie-hellman-group1-sha1; server key type ssh-rsa; cipher: local aes128-ctr, remote aes128-ctr; mac: local hmac-sha1, remote hmac-sha1; compression: local none, remote none
DEB [20150726-17:29:16.169] thr=1   paramiko.transport: Switch to new keys ...
DEB [20150726-17:29:16.186] thr=2   paramiko.transport: Rejecting ssh-rsa host key for [116.93.96.23]:9831: d332f929f4b7ecfd25e2800c7253234a
DEB [20150726-17:29:44.947] thr=3   paramiko.transport: starting thread (client mode): 0x33b27c50L
INF [20150726-17:29:44.970] thr=3   paramiko.transport: Connected (version 2.0, client OpenSSH_5.8)
DEB [20150726-17:29:44.991] thr=3   paramiko.transport: kex algos:['diffie-hellman-group-exchange-sha256', 'diffie-hellman-group-exchange-sha1', 'diffie-hellman-group14-sha1', 'diffie-hellman-group1-sha1'] server key:['ssh-rsa', 'ssh-dss'] client encrypt:['aes128-ctr', 'aes192-ctr', 'aes256-ctr', 'arcfour256', 'arcfour128', 'aes128-cbc', '3des-cbc', 'blowfish-cbc', 'cast128-cbc', 'aes192-cbc', 'aes256-cbc', 'arcfour', 'rijndael-cbc@lysator.liu.se'] server encrypt:['aes128-ctr', 'aes192-ctr', 'aes256-ctr', 'arcfour256', 'arcfour128', 'aes128-cbc', '3des-cbc', 'blowfish-cbc', 'cast128-cbc', 'aes192-cbc', 'aes256-cbc', 'arcfour', 'rijndael-cbc@lysator.liu.se'] client mac:['hmac-md5', 'hmac-sha1', 'umac-64@openssh.com', 'hmac-ripemd160', 'hmac-ripemd160@openssh.com', 'hmac-sha1-96', 'hmac-md5-96'] server mac:['hmac-md5', 'hmac-sha1', 'umac-64@openssh.com', 'hmac-ripemd160', 'hmac-ripemd160@openssh.com', 'hmac-sha1-96', 'hmac-md5-96'] client compress:['none', 'zlib@openssh.com'] server compress:['none', 'zlib@openssh.com'] client lang:[''] server lang:[''] kex follows?False
DEB [20150726-17:29:44.991] thr=3   paramiko.transport: Ciphers agreed: local=aes128-ctr, remote=aes128-ctr
DEB [20150726-17:29:44.991] thr=3   paramiko.transport: using kex diffie-hellman-group1-sha1; server key type ssh-rsa; cipher: local aes128-ctr, remote aes128-ctr; mac: local hmac-sha1, remote hmac-sha1; compression: local none, remote none
DEB [20150726-17:29:45.068] thr=3   paramiko.transport: Switch to new keys ...
DEB [20150726-17:29:45.085] thr=2   paramiko.transport: Rejecting ssh-rsa host key for [116.93.96.23]:9831: d332f929f4b7ecfd25e2800c7253234a
DEB [20150726-17:30:00.030] thr=4   paramiko.transport: starting thread (client mode): 0x33b32890L
INF [20150726-17:30:00.051] thr=4   paramiko.transport: Connected (version 2.0, client OpenSSH_5.8)
DEB [20150726-17:30:00.072] thr=4   paramiko.transport: kex algos:['diffie-hellman-group-exchange-sha256', 'diffie-hellman-group-exchange-sha1', 'diffie-hellman-group14-sha1', 'diffie-hellman-group1-sha1'] server key:['ssh-rsa', 'ssh-dss'] client encrypt:['aes128-ctr', 'aes192-ctr', 'aes256-ctr', 'arcfour256', 'arcfour128', 'aes128-cbc', '3des-cbc', 'blowfish-cbc', 'cast128-cbc', 'aes192-cbc', 'aes256-cbc', 'arcfour', 'rijndael-cbc@lysator.liu.se'] server encrypt:['aes128-ctr', 'aes192-ctr', 'aes256-ctr', 'arcfour256', 'arcfour128', 'aes128-cbc', '3des-cbc', 'blowfish-cbc', 'cast128-cbc', 'aes192-cbc', 'aes256-cbc', 'arcfour', 'rijndael-cbc@lysator.liu.se'] client mac:['hmac-md5', 'hmac-sha1', 'umac-64@openssh.com', 'hmac-ripemd160', 'hmac-ripemd160@openssh.com', 'hmac-sha1-96', 'hmac-md5-96'] server mac:['hmac-md5', 'hmac-sha1', 'umac-64@openssh.com', 'hmac-ripemd160', 'hmac-ripemd160@openssh.com', 'hmac-sha1-96', 'hmac-md5-96'] client compress:['none', 'zlib@openssh.com'] server compress:['none', 'zlib@openssh.com'] client lang:[''] server lang:[''] kex follows?False
DEB [20150726-17:30:00.072] thr=4   paramiko.transport: Ciphers agreed: local=aes128-ctr, remote=aes128-ctr
DEB [20150726-17:30:00.072] thr=4   paramiko.transport: using kex diffie-hellman-group1-sha1; server key type ssh-rsa; cipher: local aes128-ctr, remote aes128-ctr; mac: local hmac-sha1, remote hmac-sha1; compression: local none, remote none
DEB [20150726-17:30:00.149] thr=4   paramiko.transport: Switch to new keys ...
DEB [20150726-17:30:00.152] thr=2   paramiko.transport: Rejecting ssh-rsa host key for [116.93.96.23]:9831: d332f929f4b7ecfd25e2800c7253234a
DEB [20150726-17:32:30.404] thr=5   paramiko.transport: starting thread (client mode): 0x33b32dd0L
INF [20150726-17:32:30.422] thr=5   paramiko.transport: Connected (version 2.0, client OpenSSH_5.8)
DEB [20150726-17:32:30.442] thr=5   paramiko.transport: kex algos:['diffie-hellman-group-exchange-sha256', 'diffie-hellman-group-exchange-sha1', 'diffie-hellman-group14-sha1', 'diffie-hellman-group1-sha1'] server key:['ssh-rsa', 'ssh-dss'] client encrypt:['aes128-ctr', 'aes192-ctr', 'aes256-ctr', 'arcfour256', 'arcfour128', 'aes128-cbc', '3des-cbc', 'blowfish-cbc', 'cast128-cbc', 'aes192-cbc', 'aes256-cbc', 'arcfour', 'rijndael-cbc@lysator.liu.se'] server encrypt:['aes128-ctr', 'aes192-ctr', 'aes256-ctr', 'arcfour256', 'arcfour128', 'aes128-cbc', '3des-cbc', 'blowfish-cbc', 'cast128-cbc', 'aes192-cbc', 'aes256-cbc', 'arcfour', 'rijndael-cbc@lysator.liu.se'] client mac:['hmac-md5', 'hmac-sha1', 'umac-64@openssh.com', 'hmac-ripemd160', 'hmac-ripemd160@openssh.com', 'hmac-sha1-96', 'hmac-md5-96'] server mac:['hmac-md5', 'hmac-sha1', 'umac-64@openssh.com', 'hmac-ripemd160', 'hmac-ripemd160@openssh.com', 'hmac-sha1-96', 'hmac-md5-96'] client compress:['none', 'zlib@openssh.com'] server compress:['none', 'zlib@openssh.com'] client lang:[''] server lang:[''] kex follows?False
DEB [20150726-17:32:30.442] thr=5   paramiko.transport: Ciphers agreed: local=aes128-ctr, remote=aes128-ctr
DEB [20150726-17:32:30.442] thr=5   paramiko.transport: using kex diffie-hellman-group1-sha1; server key type ssh-rsa; cipher: local aes128-ctr, remote aes128-ctr; mac: local hmac-sha1, remote hmac-sha1; compression: local none, remote none
DEB [20150726-17:32:30.521] thr=5   paramiko.transport: Switch to new keys ...
DEB [20150726-17:32:30.529] thr=2   paramiko.transport: Adding ssh-rsa host key for [116.93.96.23]:9831: d332f929f4b7ecfd25e2800c7253234a
DEB [20150726-17:32:30.530] thr=2   paramiko.transport: Trying SSH key 2613ceba1660bf9a056edfae0a83b119
DEB [20150726-17:32:30.599] thr=5   paramiko.transport: userauth is OK
INF [20150726-17:32:30.646] thr=5   paramiko.transport: Authentication (publickey) successful!
DEB [20150726-17:35:03.891] thr=2   paramiko.transport: [chan 1] Max packet in: 34816 bytes
DEB [20150726-17:35:03.909] thr=5   paramiko.transport: [chan 1] Max packet out: 32768 bytes
INF [20150726-17:35:03.910] thr=5   paramiko.transport: Secsh channel 1 opened.
DEB [20150726-17:35:03.944] thr=5   paramiko.transport: [chan 1] Sesch channel 1 request ok
DEB [20150726-17:35:03.965] thr=5   paramiko.transport: [chan 1] EOF received (1)
DEB [20150726-17:35:03.965] thr=5   paramiko.transport: [chan 1] EOF sent (1)
DEB [20150726-17:37:38.326] thr=2   paramiko.transport: [chan 2] Max packet in: 34816 bytes
DEB [20150726-17:37:38.346] thr=5   paramiko.transport: [chan 2] Max packet out: 32768 bytes
INF [20150726-17:37:38.346] thr=5   paramiko.transport: Secsh channel 2 opened.
DEB [20150726-17:37:38.381] thr=5   paramiko.transport: [chan 2] Sesch channel 2 request ok
DEB [20150726-17:37:38.405] thr=5   paramiko.transport: [chan 2] EOF received (2)
DEB [20150726-17:37:38.405] thr=5   paramiko.transport: [chan 2] EOF sent (2)
DEB [20150726-17:48:36.175] thr=2   paramiko.transport: [chan 3] Max packet in: 34816 bytes
DEB [20150726-17:50:33.985] thr=6   paramiko.transport: starting thread (client mode): 0x33b38710L
INF [20150726-17:50:34.010] thr=6   paramiko.transport: Connected (version 2.0, client OpenSSH_5.8)
DEB [20150726-17:50:34.032] thr=6   paramiko.transport: kex algos:['diffie-hellman-group-exchange-sha256', 'diffie-hellman-group-exchange-sha1', 'diffie-hellman-group14-sha1', 'diffie-hellman-group1-sha1'] server key:['ssh-rsa', 'ssh-dss'] client encrypt:['aes128-ctr', 'aes192-ctr', 'aes256-ctr', 'arcfour256', 'arcfour128', 'aes128-cbc', '3des-cbc', 'blowfish-cbc', 'cast128-cbc', 'aes192-cbc', 'aes256-cbc', 'arcfour', 'rijndael-cbc@lysator.liu.se'] server encrypt:['aes128-ctr', 'aes192-ctr', 'aes256-ctr', 'arcfour256', 'arcfour128', 'aes128-cbc', '3des-cbc', 'blowfish-cbc', 'cast128-cbc', 'aes192-cbc', 'aes256-cbc', 'arcfour', 'rijndael-cbc@lysator.liu.se'] client mac:['hmac-md5', 'hmac-sha1', 'umac-64@openssh.com', 'hmac-ripemd160', 'hmac-ripemd160@openssh.com', 'hmac-sha1-96', 'hmac-md5-96'] server mac:['hmac-md5', 'hmac-sha1', 'umac-64@openssh.com', 'hmac-ripemd160', 'hmac-ripemd160@openssh.com', 'hmac-sha1-96', 'hmac-md5-96'] client compress:['none', 'zlib@openssh.com'] server compress:['none', 'zlib@openssh.com'] client lang:[''] server lang:[''] kex follows?False
DEB [20150726-17:50:34.032] thr=6   paramiko.transport: Ciphers agreed: local=aes128-ctr, remote=aes128-ctr
DEB [20150726-17:50:34.033] thr=6   paramiko.transport: using kex diffie-hellman-group1-sha1; server key type ssh-rsa; cipher: local aes128-ctr, remote aes128-ctr; mac: local hmac-sha1, remote hmac-sha1; compression: local none, remote none
DEB [20150726-17:50:34.112] thr=6   paramiko.transport: Switch to new keys ...
DEB [20150726-17:50:34.128] thr=2   paramiko.transport: Trying SSH key 2613ceba1660bf9a056edfae0a83b119
DEB [20150726-17:50:34.187] thr=6   paramiko.transport: userauth is OK
INF [20150726-17:50:34.213] thr=6   paramiko.transport: Authentication (publickey) successful!
DEB [20150726-17:50:43.895] thr=2   paramiko.transport: [chan 1] Max packet in: 34816 bytes
DEB [20150726-17:50:43.916] thr=6   paramiko.transport: [chan 1] Max packet out: 32768 bytes
INF [20150726-17:50:43.917] thr=6   paramiko.transport: Secsh channel 1 opened.
DEB [20150726-17:50:43.953] thr=6   paramiko.transport: [chan 1] Sesch channel 1 request ok
DEB [20150726-17:50:43.971] thr=6   paramiko.transport: [chan 1] EOF received (1)
DEB [20150726-17:50:43.972] thr=6   paramiko.transport: [chan 1] EOF sent (1)
DEB [20150726-17:50:55.334] thr=2   paramiko.transport: [chan 2] Max packet in: 34816 bytes
DEB [20150726-17:50:55.353] thr=6   paramiko.transport: [chan 2] Max packet out: 32768 bytes
INF [20150726-17:50:55.354] thr=6   paramiko.transport: Secsh channel 2 opened.
DEB [20150726-17:50:55.373] thr=6   paramiko.transport: [chan 2] Sesch channel 2 request ok
DEB [20150726-17:50:55.391] thr=6   paramiko.transport: [chan 2] EOF received (2)
DEB [20150726-17:50:55.392] thr=6   paramiko.transport: [chan 2] EOF sent (2)
DEB [20150726-17:51:25.975] thr=2   paramiko.transport: [chan 3] Max packet in: 34816 bytes
DEB [20150726-17:51:25.994] thr=6   paramiko.transport: [chan 3] Max packet out: 32768 bytes
INF [20150726-17:51:25.994] thr=6   paramiko.transport: Secsh channel 3 opened.
DEB [20150726-17:51:26.029] thr=6   paramiko.transport: [chan 3] Sesch channel 3 request ok
DEB [20150726-17:51:26.031] thr=6   paramiko.transport: [chan 3] EOF received (3)
DEB [20150726-17:51:26.031] thr=6   paramiko.transport: [chan 3] EOF sent (3)
DEB [20150726-17:51:59.173] thr=2   paramiko.transport: [chan 4] Max packet in: 34816 bytes
DEB [20150726-17:51:59.192] thr=6   paramiko.transport: [chan 4] Max packet out: 32768 bytes
INF [20150726-17:51:59.193] thr=6   paramiko.transport: Secsh channel 4 opened.
DEB [20150726-17:51:59.212] thr=6   paramiko.transport: [chan 4] Sesch channel 4 request ok
DEB [20150726-17:51:59.215] thr=6   paramiko.transport: [chan 4] EOF received (4)
DEB [20150726-17:51:59.215] thr=6   paramiko.transport: [chan 4] EOF sent (4)
DEB [20150726-17:52:04.116] thr=2   paramiko.transport: [chan 5] Max packet in: 34816 bytes
DEB [20150726-17:52:04.135] thr=6   paramiko.transport: [chan 5] Max packet out: 32768 bytes
INF [20150726-17:52:04.136] thr=6   paramiko.transport: Secsh channel 5 opened.
DEB [20150726-17:52:04.172] thr=6   paramiko.transport: [chan 5] Sesch channel 5 request ok
DEB [20150726-17:52:04.176] thr=6   paramiko.transport: [chan 5] EOF received (5)
DEB [20150726-17:52:04.176] thr=6   paramiko.transport: [chan 5] EOF sent (5)
DEB [20150726-17:52:26.988] thr=2   paramiko.transport: [chan 6] Max packet in: 34816 bytes
DEB [20150726-17:52:27.007] thr=6   paramiko.transport: [chan 6] Max packet out: 32768 bytes
INF [20150726-17:52:27.007] thr=6   paramiko.transport: Secsh channel 6 opened.
DEB [20150726-17:52:27.027] thr=6   paramiko.transport: [chan 6] Sesch channel 6 request ok
DEB [20150726-17:52:27.028] thr=6   paramiko.transport: [chan 6] EOF received (6)
DEB [20150726-17:52:27.029] thr=6   paramiko.transport: [chan 6] EOF sent (6)
DEB [20150726-17:52:30.214] thr=5   paramiko.transport: [chan 3] Max packet out: 32768 bytes
INF [20150726-17:52:30.215] thr=5   paramiko.transport: Secsh channel 3 opened.
DEB [20150726-17:52:54.915] thr=2   paramiko.transport: [chan 7] Max packet in: 34816 bytes
DEB [20150726-17:52:54.934] thr=6   paramiko.transport: [chan 7] Max packet out: 32768 bytes
INF [20150726-17:52:54.934] thr=6   paramiko.transport: Secsh channel 7 opened.
DEB [20150726-17:52:54.971] thr=6   paramiko.transport: [chan 7] Sesch channel 7 request ok
DEB [20150726-17:52:54.973] thr=6   paramiko.transport: [chan 7] EOF received (7)
DEB [20150726-17:52:54.973] thr=6   paramiko.transport: [chan 7] EOF sent (7)
DEB [20150726-17:53:10.626] thr=6   paramiko.transport: EOF in transport thread
DEB [20150726-18:03:35.450] thr=7   paramiko.transport: [chan 3] EOF sent (3)
DEB [20150726-18:03:35.450] thr=7   paramiko.transport: Dropping user packet because connection is dead.
DEB [20150726-18:03:35.451] thr=7   paramiko.transport: Dropping user packet because connection is dead.
